#
# There is insufficient memory for the Java Runtime Environment to continue.
# Native memory allocation (malloc) failed to allocate 246608 bytes for Chunk::new
# Possible reasons:
#   The system is out of physical RAM or swap space
#   In 32 bit mode, the process size limit was hit
# Possible solutions:
#   Reduce memory load on the system
#   Increase physical memory or swap space
#   Check if swap backing store is full
#   Use 64 bit Java on a 64 bit OS
#   Decrease Java heap size (-Xmx/-Xms)
#   Decrease number of Java threads
#   Decrease Java thread stack sizes (-Xss)
#   Set larger code cache with -XX:ReservedCodeCacheSize=
# This output file may be truncated or incomplete.
#
#  Out of Memory Error (allocation.cpp:390), pid=2380, tid=0x0000000000002128
#
# JRE version: OpenJDK Runtime Environment (8.0_112-b06) (build 1.8.0_112-release-b06)
# Java VM: OpenJDK 64-Bit Server VM (25.112-b06 mixed mode windows-amd64 compressed oops)
# Failed to write core dump. Minidumps are not enabled by default on client versions of Windows
#

---------------  T H R E A D  ---------------

Current thread (0x0000000056fac000):  JavaThread "C2 CompilerThread1" daemon [_thread_in_native, id=8488, stack(0x0000000057920000,0x0000000057a20000)]

Stack: [0x0000000057920000,0x0000000057a20000]
[error occurred during error reporting (printing stack bounds), id 0xc0000005]

Native frames: (J=compiled Java code, j=interpreted, Vv=VM code, C=native code)


Current CompileTask:
C2:   1576  992       4       com.android.dx.ssa.NormalSsaInsn::accept (25 bytes)


---------------  P R O C E S S  ---------------

Java Threads: ( => current thread )
  0x0000000057266000 JavaThread "pool-2-thread-4" [_thread_in_Java, id=7172, stack(0x00000000583c0000,0x00000000584c0000)]
  0x0000000057270000 JavaThread "pool-2-thread-3" [_thread_blocked, id=8868, stack(0x0000000058270000,0x0000000058370000)]
  0x0000000057160800 JavaThread "pool-2-thread-2" [_thread_blocked, id=6776, stack(0x0000000057ff0000,0x00000000580f0000)]
  0x000000005715f800 JavaThread "pool-3-thread-1" [_thread_blocked, id=8720, stack(0x0000000057e40000,0x0000000057f40000)]
  0x000000005715b000 JavaThread "pool-2-thread-1" [_thread_in_Java, id=3860, stack(0x00000000576c0000,0x00000000577c0000)]
  0x0000000057011000 JavaThread "Service Thread" daemon [_thread_blocked, id=9116, stack(0x0000000056a40000,0x0000000056b40000)]
  0x0000000056fad800 JavaThread "C1 CompilerThread2" daemon [_thread_blocked, id=9164, stack(0x0000000057a40000,0x0000000057b40000)]
=>0x0000000056fac000 JavaThread "C2 CompilerThread1" daemon [_thread_in_native, id=8488, stack(0x0000000057920000,0x0000000057a20000)]
  0x000000005528c800 JavaThread "C2 CompilerThread0" daemon [_thread_in_native, id=8440, stack(0x00000000577e0000,0x00000000578e0000)]
  0x0000000056f9a800 JavaThread "Attach Listener" daemon [_thread_blocked, id=8196, stack(0x0000000057560000,0x0000000057660000)]
  0x000000005527f000 JavaThread "Signal Dispatcher" daemon [_thread_blocked, id=6868, stack(0x00000000573f0000,0x00000000574f0000)]
  0x0000000055267000 JavaThread "Finalizer" daemon [_thread_blocked, id=8468, stack(0x0000000056e90000,0x0000000056f90000)]
  0x0000000055220000 JavaThread "Reference Handler" daemon [_thread_blocked, id=9064, stack(0x0000000056d70000,0x0000000056e70000)]
  0x0000000002678000 JavaThread "main" [_thread_blocked, id=9112, stack(0x0000000002760000,0x0000000002860000)]

Other Threads:
  0x0000000055218800 VMThread [stack: 0x0000000056b60000,0x0000000056c60000] [id=7648]
  0x000000005701e000 WatcherThread [stack: 0x0000000057c40000,0x0000000057d40000] [id=1904]

VM state:not at safepoint (normal execution)

VM Mutex/Monitor currently owned by a thread: None

Heap:
 PSYoungGen      total 38400K, used 10448K [0x00000000eab00000, 0x00000000ed580000, 0x0000000100000000)
  eden space 33280K, 16% used [0x00000000eab00000,0x00000000eb03a200,0x00000000ecb80000)
  from space 5120K, 99% used [0x00000000ecb80000,0x00000000ed079e08,0x00000000ed080000)
  to   space 5120K, 0% used [0x00000000ed080000,0x00000000ed080000,0x00000000ed580000)
 ParOldGen       total 87552K, used 1858K [0x00000000c0000000, 0x00000000c5580000, 0x00000000eab00000)
  object space 87552K, 2% used [0x00000000c0000000,0x00000000c01d0860,0x00000000c5580000)
 Metaspace       used 5791K, capacity 6896K, committed 7040K, reserved 1056768K
  class space    used 564K, capacity 616K, committed 640K, reserved 1048576K

Card table byte_map: [0x0000000011c20000,0x0000000011e30000] byte_map_base: 0x0000000011620000

Marking Bits: (ParMarkBitMap*) 0x0000000055ac18f0
 Begin Bits: [0x0000000012690000, 0x0000000013690000)
 End Bits:   [0x0000000013690000, 0x0000000014690000)

Polling page: 0x0000000000230000

CodeCache: size=245760Kb used=4344Kb max_used=4344Kb free=241415Kb
 bounds [0x0000000002860000, 0x0000000002ca0000, 0x0000000011860000]
 total_blobs=1384 nmethods=1119 adapters=178
 compilation: disabled (not enough contiguous free space left)

Compilation events (10 events):
Event: 1.574 Thread 0x0000000056fad800 nmethod 1171 0x0000000002c9e9d0 code [0x0000000002c9eb40, 0x0000000002c9ed90]
Event: 1.574 Thread 0x0000000056fad800 1168       2       java.util.TreeMap::values (25 bytes)
Event: 1.574 Thread 0x0000000056fad800 nmethod 1168 0x0000000002c9ef10 code [0x0000000002c9f060, 0x0000000002c9f230]
Event: 1.574 Thread 0x0000000056fad800 1176       2       com.android.dx.dex.file.IndexedItem::<init> (10 bytes)
Event: 1.574 Thread 0x0000000056fad800 nmethod 1176 0x0000000002c9f2d0 code [0x0000000002c9f420, 0x0000000002c9f570]
Event: 1.574 Thread 0x0000000056fad800 1169       2       java.util.TreeMap$ValueIterator::next (8 bytes)
Event: 1.574 Thread 0x0000000056fad800 nmethod 1169 0x0000000002c9f610 code [0x0000000002c9f780, 0x0000000002c9f908]
Event: 1.574 Thread 0x0000000056fad800 1170       2       java.util.TreeMap$PrivateEntryIterator::nextEntry (54 bytes)
Event: 1.574 Thread 0x0000000056fad800 nmethod 1170 0x0000000002c9f9d0 code [0x0000000002c9fb60, 0x0000000002c9fe28]
Event: 1.574 Thread 0x0000000056fad800 1177       2       com.android.dx.rop.code.RegisterSpec::intersect (169 bytes)

GC Heap History (2 events):
Event: 1.450 GC heap before
{Heap before GC invocations=1 (full 0):
 PSYoungGen      total 38400K, used 33280K [0x00000000eab00000, 0x00000000ed580000, 0x0000000100000000)
  eden space 33280K, 100% used [0x00000000eab00000,0x00000000ecb80000,0x00000000ecb80000)
  from space 5120K, 0% used [0x00000000ed080000,0x00000000ed080000,0x00000000ed580000)
  to   space 5120K, 0% used [0x00000000ecb80000,0x00000000ecb80000,0x00000000ed080000)
 ParOldGen       total 87552K, used 0K [0x00000000c0000000, 0x00000000c5580000, 0x00000000eab00000)
  object space 87552K, 0% used [0x00000000c0000000,0x00000000c0000000,0x00000000c5580000)
 Metaspace       used 5774K, capacity 6896K, committed 7040K, reserved 1056768K
  class space    used 564K, capacity 616K, committed 640K, reserved 1048576K
Event: 1.547 GC heap after
Heap after GC invocations=1 (full 0):
 PSYoungGen      total 38400K, used 5095K [0x00000000eab00000, 0x00000000ed580000, 0x0000000100000000)
  eden space 33280K, 0% used [0x00000000eab00000,0x00000000eab00000,0x00000000ecb80000)
  from space 5120K, 99% used [0x00000000ecb80000,0x00000000ed079e08,0x00000000ed080000)
  to   space 5120K, 0% used [0x00000000ed080000,0x00000000ed080000,0x00000000ed580000)
 ParOldGen       total 87552K, used 1858K [0x00000000c0000000, 0x00000000c5580000, 0x00000000eab00000)
  object space 87552K, 2% used [0x00000000c0000000,0x00000000c01d0860,0x00000000c5580000)
 Metaspace       used 5774K, capacity 6896K, committed 7040K, reserved 1056768K
  class space    used 564K, capacity 616K, committed 640K, reserved 1048576K
}

Deoptimization events (10 events):
Event: 1.052 Thread 0x0000000057270000 Uncommon trap: reason=unstable_if action=reinterpret pc=0x0000000002b69c38 method=com.android.dx.rop.code.RegisterSpec.equals(ILcom/android/dx/rop/type/TypeBearer;Lcom/android/dx/rop/code/LocalItem;)Z @ 16
Event: 1.052 Thread 0x0000000057270000 Uncommon trap: reason=unstable_if action=reinterpret pc=0x0000000002b22d30 method=com.android.dx.rop.code.RegisterSpec.equals(ILcom/android/dx/rop/type/TypeBearer;Lcom/android/dx/rop/code/LocalItem;)Z @ 16
Event: 1.052 Thread 0x0000000057270000 Uncommon trap: reason=class_check action=maybe_recompile pc=0x0000000002b3c818 method=com.android.dx.rop.type.Type.equals(Ljava/lang/Object;)Z @ 8
Event: 1.052 Thread 0x0000000057270000 Uncommon trap: reason=unstable_if action=reinterpret pc=0x0000000002b26330 method=com.android.dx.rop.code.RegisterSpec.equals(ILcom/android/dx/rop/type/TypeBearer;Lcom/android/dx/rop/code/LocalItem;)Z @ 16
Event: 1.052 Thread 0x0000000057270000 Uncommon trap: reason=class_check action=maybe_recompile pc=0x0000000002b3c818 method=com.android.dx.rop.type.Type.equals(Ljava/lang/Object;)Z @ 8
Event: 1.052 Thread 0x0000000057270000 Uncommon trap: reason=class_check action=maybe_recompile pc=0x0000000002b3c818 method=com.android.dx.rop.type.Type.equals(Ljava/lang/Object;)Z @ 8
Event: 1.052 Thread 0x0000000057270000 Uncommon trap: reason=unstable_if action=reinterpret pc=0x0000000002b28bec method=com.android.dx.rop.code.RegisterSpec.equals(ILcom/android/dx/rop/type/TypeBearer;Lcom/android/dx/rop/code/LocalItem;)Z @ 16
Event: 1.120 Thread 0x0000000057270000 Uncommon trap: reason=unloaded action=reinterpret pc=0x0000000002b64574 method=com.android.dx.ssa.SsaRenamer$BlockRenamer.visitMoveInsn(Lcom/android/dx/ssa/NormalSsaInsn;)V @ 208
Event: 1.175 Thread 0x0000000057266000 Uncommon trap: reason=unstable_if action=reinterpret pc=0x0000000002a847a0 method=java.util.BitSet.nextSetBit(I)I @ 87
Event: 1.372 Thread 0x0000000057266000 Uncommon trap: reason=unstable_if action=reinterpret pc=0x0000000002bb9aec method=com.android.dx.ssa.SsaRenamer$BlockRenamer.addMapping(ILcom/android/dx/rop/code/RegisterSpec;)V @ 120

Internal exceptions (2 events):
Event: 0.031 Thread 0x0000000002678000 Exception <a 'java/lang/NoSuchMethodError': Method sun.misc.Unsafe.defineClass(Ljava/lang/String;[BII)Ljava/lang/Class; name or signature does not match> (0x00000000eab07c78) thrown at [C:\src\android\AOSP-openjdk\external\jetbrains\jdk\hotspot\src\share\v†8áµŸ?
Event: 0.031 Thread 0x0000000002678000 Exception <a 'java/lang/NoSuchMethodError': Method sun.misc.Unsafe.prefetchRead(Ljava/lang/Object;J)V name or signature does not match> (0x00000000eab07f60) thrown at [C:\src\android\AOSP-openjdk\external\jetbrains\jdk\hotspot\src\share\vm\prims\jni.cpp, l

Events (10 events):
Event: 1.201 loading class com/android/dx/dex/file/MethodAnnotationStruct done
Event: 1.201 Executing VM operation: ForceSafepoint
Event: 1.286 Executing VM operation: ForceSafepoint done
Event: 1.371 loading class com/android/dx/dex/file/FieldAnnotationStruct
Event: 1.371 loading class com/android/dx/dex/file/FieldAnnotationStruct done
Event: 1.372 Thread 0x0000000057266000 Uncommon trap: trap_request=0xffffff65 fr.pc=0x0000000002bb9aec
Event: 1.372 Thread 0x0000000057266000 DEOPT PACKING pc=0x0000000002bb9aec sp=0x00000000584be150
Event: 1.372 Thread 0x0000000057266000 DEOPT UNPACKING pc=0x00000000028a556a sp=0x00000000584be0e0 mode 2
Event: 1.450 Executing VM operation: ParallelGCFailedAllocation
Event: 1.547 Executing VM operation: ParallelGCFailedAllocation done


Dynamic libraries:
0x000000013f610000 - 0x000000013f641000 	D:\Android\Android Studio\jre\bin\java.exe
0x00000000778a0000 - 0x0000000077a4a000 	C:\Windows\SYSTEM32\ntdll.dll
0x0000000077780000 - 0x000000007789f000 	C:\Windows\system32\kernel32.dll
0x000007fefd8c0000 - 0x000007fefd92a000 	C:\Windows\system32\KERNELBASE.dll
0x000007fefdf30000 - 0x000007fefe00b000 	C:\Windows\system32\ADVAPI32.dll
0x000007feff0d0000 - 0x000007feff16f000 	C:\Windows\system32\msvcrt.dll
0x000007feff2a0000 - 0x000007feff2bf000 	C:\Windows\SYSTEM32\sechost.dll
0x000007fefde00000 - 0x000007fefdf2d000 	C:\Windows\system32\RPCRT4.dll
0x0000000077680000 - 0x000000007777a000 	C:\Windows\system32\USER32.dll
0x000007feff860000 - 0x000007feff8c7000 	C:\Windows\system32\GDI32.dll
0x000007fefee20000 - 0x000007fefee2e000 	C:\Windows\system32\LPK.dll
0x000007fefefe0000 - 0x000007feff0ab000 	C:\Windows\system32\USP10.dll
0x000007fefbe90000 - 0x000007fefc084000 	C:\Windows\WinSxS\amd64_microsoft.windows.common-controls_6595b64144ccf1df_6.0.7601.18837_none_fa3b1e3d17594757\COMCTL32.dll
0x000007feff2c0000 - 0x000007feff331000 	C:\Windows\system32\SHLWAPI.dll
0x000007fefe010000 - 0x000007fefe03e000 	C:\Windows\system32\IMM32.DLL
0x000007fefeed0000 - 0x000007fefefd9000 	C:\Windows\system32\MSCTF.dll
0x00000000690f0000 - 0x00000000691c2000 	D:\Android\Android Studio\jre\jre\bin\msvcr100.dll
0x0000000055300000 - 0x0000000055b3c000 	D:\Android\Android Studio\jre\jre\bin\server\jvm.dll
0x000007fef9510000 - 0x000007fef9519000 	C:\Windows\system32\WSOCK32.dll
0x000007fefe040000 - 0x000007fefe08d000 	C:\Windows\system32\WS2_32.dll
0x000007fefdbc0000 - 0x000007fefdbc8000 	C:\Windows\system32\NSI.dll
0x000007fef9770000 - 0x000007fef97ab000 	C:\Windows\system32\WINMM.dll
0x000007fefc8e0000 - 0x000007fefc8ec000 	C:\Windows\system32\VERSION.dll
0x0000000077a60000 - 0x0000000077a67000 	C:\Windows\system32\PSAPI.DLL
0x000007fee9cb0000 - 0x000007fee9cbf000 	D:\Android\Android Studio\jre\jre\bin\verify.dll
0x000007fee9960000 - 0x000007fee9989000 	D:\Android\Android Studio\jre\jre\bin\java.dll
0x000007fee99a0000 - 0x000007fee99b6000 	D:\Android\Android Studio\jre\jre\bin\zip.dll
0x000007fefe090000 - 0x000007fefee1a000 	C:\Windows\system32\SHELL32.dll
0x000007feff9b0000 - 0x000007feffbac000 	C:\Windows\system32\ole32.dll
0x000007fefd7b0000 - 0x000007fefd7bf000 	C:\Windows\system32\profapi.dll

VM Arguments:
jvm_args: -Djava.awt.headless=true -Xmx1024M -Dfile.encoding=GBK -Duser.country=CN -Duser.language=zh -Duser.variant 
java_command: com.android.dx.command.Main --dex --force-jumbo --num-threads=4 --multi-dex --output C:\Users\Administrator\Desktop\Note\app\build\intermediates\transforms\dex\debug\folders\1000\5\slice_2 C:\Users\Administrator\Desktop\Note\app\build\intermediates\transforms\instantRunSlicer\debug\folders\1\5\slice_2
java_class_path (initial): D:\Android\sdk\build-tools\26.0.1\lib\dx.jar
Launcher Type: SUN_STANDARD

Environment Variables:
PATH=C:\Python27\;C:\Python27\Scripts;C:\Windows\system32;C:\Windows;C:\Windows\System32\Wbem;C:\Windows\System32\WindowsPowerShell\v1.0\;E:\jinhui_workspace\Java\jdk1.8.0_121\bin;C:\Program Files\Microsoft SQL Server\130\Tools\Binn\;C:\Python27;C:\Program Files\Git\cmd;C:\ProgramData\chocolatey\bin;E:\jinhui_workspace\Node.js\;D:\Android\sdk\tools;D:\Android\sdk\platform-tools;C:\Program Files\TortoiseGit\bin;C:\Windows\System32;%ANDROID_NDK%;%ANDROID_HOME%;E:\jinhui_workspace\cocos2d-x-3.15\templates;E:\jinhui_workspace\cocos2d-x-3.15\tools\cocos2d-console\bin;\cocos2d-x-3.14.1\templates;E:\jinhui_workspace\VSCode\Microsoft VS Code\bin;D:\Android\sdk\tools;D:\Android\sdk\platform-tools;D:\Android\Android Studio\gradle\gradle-3.2\BIN;%JAVA_HOME%;D:\Android\sdk;C:\Users\Administrator\AppData\Local\atom\bin;C:\Users\Administrator\AppData\Roaming\npm;D:\Android\sdk\android-ndk-r10e;D:\Android\sdk;
USERNAME=Administrator
OS=Windows_NT
PROCESSOR_IDENTIFIER=Intel64 Family 6 Model 94 Stepping 3, GenuineIntel



---------------  S Y S T E M  ---------------

OS: Windows 7 , 64 bit Build 7601 (6.1.7601.23915)

CPU:total 4 (4 cores per cpu, 1 threads per core) family 6 model 94 stepping 3, cmov, cx8, fxsr, mmx, sse, sse2, sse3, ssse3, sse4.1, sse4.2, popcnt, avx, avx2, aes, clmul, erms, 3dnowpref, lzcnt, tsc, tscinvbit, bmi1, bmi2, adx

Memory: 4k page, physical 8272300k(390304k free), swap 10367592k(3068k free)

vm_info: OpenJDK 64-Bit Server VM (25.112-b06) for windows-amd64 JRE (1.8.0_112-release-b06), built on Dec  8 2016 00:54:26 by "builder" with MS VC++ 10.0 (VS2010)

time: Thu Oct 19 18:11:38 2017
elapsed time: 1 seconds (0d 0h 0m 1s)

