#
# There is insufficient memory for the Java Runtime Environment to continue.
# Native memory allocation (malloc) failed to allocate 56128 bytes for Chunk::new
# Possible reasons:
#   The system is out of physical RAM or swap space
#   In 32 bit mode, the process size limit was hit
# Possible solutions:
#   Reduce memory load on the system
#   Increase physical memory or swap space
#   Check if swap backing store is full
#   Use 64 bit Java on a 64 bit OS
#   Decrease Java heap size (-Xmx/-Xms)
#   Decrease number of Java threads
#   Decrease Java thread stack sizes (-Xss)
#   Set larger code cache with -XX:ReservedCodeCacheSize=
# This output file may be truncated or incomplete.
#
#  Out of Memory Error (allocation.cpp:390), pid=7288, tid=0x0000000000001d80
#
# JRE version: OpenJDK Runtime Environment (8.0_112-b06) (build 1.8.0_112-release-b06)
# Java VM: OpenJDK 64-Bit Server VM (25.112-b06 mixed mode windows-amd64 compressed oops)
# Failed to write core dump. Minidumps are not enabled by default on client versions of Windows
#

---------------  T H R E A D  ---------------

Current thread (0x0000000056f70000):  JavaThread "C2 CompilerThread1" daemon [_thread_in_native, id=7552, stack(0x0000000057980000,0x0000000057a80000)]

Stack: [0x0000000057980000,0x0000000057a80000]
[error occurred during error reporting (printing stack bounds), id 0xc0000005]

Native frames: (J=compiled Java code, j=interpreted, Vv=VM code, C=native code)


Current CompileTask:
C2:   1069 1150       4       java.util.TreeMap::put (247 bytes)


---------------  P R O C E S S  ---------------

Java Threads: ( => current thread )
  0x000000005712f800 JavaThread "pool-1-thread-1" [_thread_in_vm, id=7860, stack(0x0000000057e70000,0x0000000057f70000)]
  0x0000000056fd4800 JavaThread "Service Thread" daemon [_thread_blocked, id=4496, stack(0x0000000057c10000,0x0000000057d10000)]
  0x0000000056f70800 JavaThread "C1 CompilerThread2" daemon [_thread_blocked, id=7636, stack(0x0000000057880000,0x0000000057980000)]
=>0x0000000056f70000 JavaThread "C2 CompilerThread1" daemon [_thread_in_native, id=7552, stack(0x0000000057980000,0x0000000057a80000)]
  0x000000005521c800 JavaThread "C2 CompilerThread0" daemon [_thread_in_native, id=4768, stack(0x0000000057750000,0x0000000057850000)]
  0x0000000056f5a800 JavaThread "Attach Listener" daemon [_thread_blocked, id=7544, stack(0x0000000057570000,0x0000000057670000)]
  0x000000005520f000 JavaThread "Signal Dispatcher" daemon [_thread_blocked, id=5272, stack(0x0000000057420000,0x0000000057520000)]
  0x00000000551f7000 JavaThread "Finalizer" daemon [_thread_blocked, id=6432, stack(0x0000000056e50000,0x0000000056f50000)]
  0x00000000551b0000 JavaThread "Reference Handler" daemon [_thread_blocked, id=6460, stack(0x0000000056cc0000,0x0000000056dc0000)]
  0x0000000002498000 JavaThread "main" [_thread_blocked, id=4764, stack(0x0000000002920000,0x0000000002a20000)]

Other Threads:
  0x00000000551a8800 VMThread [stack: 0x0000000056a90000,0x0000000056b90000] [id=7936]
  0x0000000056fe2000 WatcherThread [stack: 0x0000000057b10000,0x0000000057c10000] [id=1856]

VM state:not at safepoint (normal execution)

VM Mutex/Monitor currently owned by a thread: None

Heap:
 PSYoungGen      total 38400K, used 29581K [0x00000000eab00000, 0x00000000ed580000, 0x0000000100000000)
  eden space 33280K, 88% used [0x00000000eab00000,0x00000000ec7e3608,0x00000000ecb80000)
  from space 5120K, 0% used [0x00000000ed080000,0x00000000ed080000,0x00000000ed580000)
  to   space 5120K, 0% used [0x00000000ecb80000,0x00000000ecb80000,0x00000000ed080000)
 ParOldGen       total 87552K, used 0K [0x00000000c0000000, 0x00000000c5580000, 0x00000000eab00000)
  object space 87552K, 0% used [0x00000000c0000000,0x00000000c0000000,0x00000000c5580000)
 Metaspace       used 5846K, capacity 6960K, committed 7040K, reserved 1056768K
  class space    used 574K, capacity 616K, committed 640K, reserved 1048576K

Card table byte_map: [0x0000000011de0000,0x0000000011ff0000] byte_map_base: 0x00000000117e0000

Marking Bits: (ParMarkBitMap*) 0x0000000055ac18f0
 Begin Bits: [0x0000000012620000, 0x0000000013620000)
 End Bits:   [0x0000000013620000, 0x0000000014620000)

Polling page: 0x0000000000140000

CodeCache: size=245760Kb used=4637Kb max_used=4637Kb free=241122Kb
 bounds [0x0000000002a20000, 0x0000000002eb0000, 0x0000000011a20000]
 total_blobs=1428 nmethods=1165 adapters=177
 compilation: enabled

Compilation events (10 events):
Event: 1.064 Thread 0x0000000056f70800 1168       1       com.android.dx.dex.code.DalvInsn::getRegisters (5 bytes)
Event: 1.064 Thread 0x0000000056f70800 nmethod 1168 0x0000000002eaa290 code [0x0000000002eaa3e0, 0x0000000002eaa4f0]
Event: 1.064 Thread 0x0000000056f70800 1169       1       com.android.dx.dex.code.DalvInsn::getOpcode (5 bytes)
Event: 1.064 Thread 0x0000000056f70800 nmethod 1169 0x0000000002eaa550 code [0x0000000002eaa6a0, 0x0000000002eaa7b0]
Event: 1.065 Thread 0x0000000056f70800 1170       1       com.android.dx.dex.code.Dop::getFormat (5 bytes)
Event: 1.065 Thread 0x0000000056f70800 nmethod 1170 0x0000000002eaa810 code [0x0000000002eaa960, 0x0000000002eaaa70]
Event: 1.066 Thread 0x0000000056f70800 1171       3       java.lang.StringBuffer::<init> (6 bytes)
Event: 1.066 Thread 0x0000000056f70800 nmethod 1171 0x0000000002eaaad0 code [0x0000000002eaac40, 0x0000000002eaaef0]
Event: 1.066 Thread 0x0000000056f70800 1172  s    3       java.lang.StringBuffer::toString (36 bytes)
Event: 1.066 Thread 0x0000000056f70800 nmethod 1172 0x0000000002eab010 code [0x0000000002eab1a0, 0x0000000002eab628]

GC Heap History (0 events):
No events

Deoptimization events (10 events):
Event: 1.047 Thread 0x000000005712f800 Uncommon trap: reason=class_check action=maybe_recompile pc=0x0000000002e5f268 method=java.util.Arrays.hashCode([Ljava/lang/Object;)I @ 43
Event: 1.048 Thread 0x000000005712f800 Uncommon trap: reason=bimorphic action=maybe_recompile pc=0x0000000002d9dedc method=java.util.HashMap.putVal(ILjava/lang/Object;Ljava/lang/Object;ZZ)Ljava/lang/Object; @ 91
Event: 1.049 Thread 0x000000005712f800 Uncommon trap: reason=bimorphic action=maybe_recompile pc=0x0000000002d9dedc method=java.util.HashMap.putVal(ILjava/lang/Object;Ljava/lang/Object;ZZ)Ljava/lang/Object; @ 91
Event: 1.049 Thread 0x000000005712f800 Uncommon trap: reason=bimorphic action=maybe_recompile pc=0x0000000002d9dedc method=java.util.HashMap.putVal(ILjava/lang/Object;Ljava/lang/Object;ZZ)Ljava/lang/Object; @ 91
Event: 1.049 Thread 0x000000005712f800 Uncommon trap: reason=bimorphic action=maybe_recompile pc=0x0000000002d9dedc method=java.util.HashMap.putVal(ILjava/lang/Object;Ljava/lang/Object;ZZ)Ljava/lang/Object; @ 91
Event: 1.049 Thread 0x000000005712f800 Uncommon trap: reason=bimorphic action=maybe_recompile pc=0x0000000002c201fc method=java.util.HashMap.getNode(ILjava/lang/Object;)Ljava/util/HashMap$Node; @ 126
Event: 1.050 Thread 0x000000005712f800 Uncommon trap: reason=bimorphic action=maybe_recompile pc=0x0000000002c201fc method=java.util.HashMap.getNode(ILjava/lang/Object;)Ljava/util/HashMap$Node; @ 126
Event: 1.050 Thread 0x000000005712f800 Uncommon trap: reason=bimorphic action=maybe_recompile pc=0x0000000002c201fc method=java.util.HashMap.getNode(ILjava/lang/Object;)Ljava/util/HashMap$Node; @ 126
Event: 1.056 Thread 0x000000005712f800 Uncommon trap: reason=bimorphic action=maybe_recompile pc=0x0000000002c201fc method=java.util.HashMap.getNode(ILjava/lang/Object;)Ljava/util/HashMap$Node; @ 126
Event: 1.056 Thread 0x000000005712f800 Uncommon trap: reason=bimorphic action=maybe_recompile pc=0x0000000002be5218 method=java.util.HashMap.getNode(ILjava/lang/Object;)Ljava/util/HashMap$Node; @ 126

Internal exceptions (2 events):
Event: 0.060 Thread 0x0000000002498000 Exception <a 'java/lang/NoSuchMethodError': Method sun.misc.Unsafe.defineClass(Ljava/lang/String;[BII)Ljava/lang/Class; name or signature does not match> (0x00000000eab07c78) thrown at [C:\src\android\AOSP-openjdk\external\jetbrains\jdk\hotspot\src\share\v7ÏMè-ä®?
Event: 0.060 Thread 0x0000000002498000 Exception <a 'java/lang/NoSuchMethodError': Method sun.misc.Unsafe.prefetchRead(Ljava/lang/Object;J)V name or signature does not match> (0x00000000eab07f60) thrown at [C:\src\android\AOSP-openjdk\external\jetbrains\jdk\hotspot\src\share\vm\prims\jni.cpp, l

Events (10 events):
Event: 1.065 loading class com/android/dx/dex/code/PositionList$Entry
Event: 1.065 loading class com/android/dx/dex/code/PositionList$Entry done
Event: 1.066 loading class com/android/dx/dex/code/LocalList
Event: 1.066 loading class com/android/dx/dex/code/LocalList done
Event: 1.066 loading class com/android/dx/dex/code/LocalList$MakeState
Event: 1.066 loading class com/android/dx/dex/code/LocalList$MakeState done
Event: 1.067 loading class com/android/dx/dex/code/LocalList$Disposition
Event: 1.067 loading class com/android/dx/dex/code/LocalList$Disposition done
Event: 1.067 loading class com/android/dx/dex/code/LocalList$Entry
Event: 1.067 loading class com/android/dx/dex/code/LocalList$Entry done


Dynamic libraries:
0x000000013f610000 - 0x000000013f641000 	D:\Android\Android Studio\jre\bin\java.exe
0x00000000778a0000 - 0x0000000077a4a000 	C:\Windows\SYSTEM32\ntdll.dll
0x0000000077780000 - 0x000000007789f000 	C:\Windows\system32\kernel32.dll
0x000007fefd8c0000 - 0x000007fefd92a000 	C:\Windows\system32\KERNELBASE.dll
0x000007fefdf30000 - 0x000007fefe00b000 	C:\Windows\system32\ADVAPI32.dll
0x000007feff0d0000 - 0x000007feff16f000 	C:\Windows\system32\msvcrt.dll
0x000007feff2a0000 - 0x000007feff2bf000 	C:\Windows\SYSTEM32\sechost.dll
0x000007fefde00000 - 0x000007fefdf2d000 	C:\Windows\system32\RPCRT4.dll
0x0000000077680000 - 0x000000007777a000 	C:\Windows\system32\USER32.dll
0x000007feff860000 - 0x000007feff8c7000 	C:\Windows\system32\GDI32.dll
0x000007fefee20000 - 0x000007fefee2e000 	C:\Windows\system32\LPK.dll
0x000007fefefe0000 - 0x000007feff0ab000 	C:\Windows\system32\USP10.dll
0x000007fefbe90000 - 0x000007fefc084000 	C:\Windows\WinSxS\amd64_microsoft.windows.common-controls_6595b64144ccf1df_6.0.7601.18837_none_fa3b1e3d17594757\COMCTL32.dll
0x000007feff2c0000 - 0x000007feff331000 	C:\Windows\system32\SHLWAPI.dll
0x000007fefe010000 - 0x000007fefe03e000 	C:\Windows\system32\IMM32.DLL
0x000007fefeed0000 - 0x000007fefefd9000 	C:\Windows\system32\MSCTF.dll
0x00000000690f0000 - 0x00000000691c2000 	D:\Android\Android Studio\jre\jre\bin\msvcr100.dll
0x0000000055300000 - 0x0000000055b3c000 	D:\Android\Android Studio\jre\jre\bin\server\jvm.dll
0x000007fef9510000 - 0x000007fef9519000 	C:\Windows\system32\WSOCK32.dll
0x000007fefe040000 - 0x000007fefe08d000 	C:\Windows\system32\WS2_32.dll
0x000007fefdbc0000 - 0x000007fefdbc8000 	C:\Windows\system32\NSI.dll
0x000007fef9770000 - 0x000007fef97ab000 	C:\Windows\system32\WINMM.dll
0x000007fefc8e0000 - 0x000007fefc8ec000 	C:\Windows\system32\VERSION.dll
0x0000000077a60000 - 0x0000000077a67000 	C:\Windows\system32\PSAPI.DLL
0x000007fee9cb0000 - 0x000007fee9cbf000 	D:\Android\Android Studio\jre\jre\bin\verify.dll
0x000007fee9960000 - 0x000007fee9989000 	D:\Android\Android Studio\jre\jre\bin\java.dll
0x000007fee99a0000 - 0x000007fee99b6000 	D:\Android\Android Studio\jre\jre\bin\zip.dll
0x000007fefe090000 - 0x000007fefee1a000 	C:\Windows\system32\SHELL32.dll
0x000007feff9b0000 - 0x000007feffbac000 	C:\Windows\system32\ole32.dll
0x000007fefd7b0000 - 0x000007fefd7bf000 	C:\Windows\system32\profapi.dll

VM Arguments:
jvm_args: -Djava.awt.headless=true -Xmx1024M -Dfile.encoding=GBK -Duser.country=CN -Duser.language=zh -Duser.variant 
java_command: com.android.dx.command.Main --dex --force-jumbo --num-threads=4 --multi-dex --output C:\Users\Administrator\Desktop\Note\app\build\intermediates\transforms\dex\debug\folders\1000\5\slice_9 C:\Users\Administrator\Desktop\Note\app\build\intermediates\transforms\instantRunSlicer\debug\folders\1\5\slice_9
java_class_path (initial): D:\Android\sdk\build-tools\26.0.1\lib\dx.jar
Launcher Type: SUN_STANDARD

Environment Variables:
PATH=C:\Python27\;C:\Python27\Scripts;C:\Windows\system32;C:\Windows;C:\Windows\System32\Wbem;C:\Windows\System32\WindowsPowerShell\v1.0\;E:\jinhui_workspace\Java\jdk1.8.0_121\bin;C:\Program Files\Microsoft SQL Server\130\Tools\Binn\;C:\Python27;C:\Program Files\Git\cmd;C:\ProgramData\chocolatey\bin;E:\jinhui_workspace\Node.js\;D:\Android\sdk\tools;D:\Android\sdk\platform-tools;C:\Program Files\TortoiseGit\bin;C:\Windows\System32;%ANDROID_NDK%;%ANDROID_HOME%;E:\jinhui_workspace\cocos2d-x-3.15\templates;E:\jinhui_workspace\cocos2d-x-3.15\tools\cocos2d-console\bin;\cocos2d-x-3.14.1\templates;E:\jinhui_workspace\VSCode\Microsoft VS Code\bin;D:\Android\sdk\tools;D:\Android\sdk\platform-tools;D:\Android\Android Studio\gradle\gradle-3.2\BIN;%JAVA_HOME%;D:\Android\sdk;C:\Users\Administrator\AppData\Local\atom\bin;C:\Users\Administrator\AppData\Roaming\npm;D:\Android\sdk\android-ndk-r10e;D:\Android\sdk;
USERNAME=Administrator
OS=Windows_NT
PROCESSOR_IDENTIFIER=Intel64 Family 6 Model 94 Stepping 3, GenuineIntel



---------------  S Y S T E M  ---------------

OS: Windows 7 , 64 bit Build 7601 (6.1.7601.23915)

CPU:total 4 (4 cores per cpu, 1 threads per core) family 6 model 94 stepping 3, cmov, cx8, fxsr, mmx, sse, sse2, sse3, ssse3, sse4.1, sse4.2, popcnt, avx, avx2, aes, clmul, erms, 3dnowpref, lzcnt, tsc, tscinvbit, bmi1, bmi2, adx

Memory: 4k page, physical 8272300k(627808k free), swap 10367592k(4124k free)

vm_info: OpenJDK 64-Bit Server VM (25.112-b06) for windows-amd64 JRE (1.8.0_112-release-b06), built on Dec  8 2016 00:54:26 by "builder" with MS VC++ 10.0 (VS2010)

time: Thu Oct 19 15:27:29 2017
elapsed time: 1 seconds (0d 0h 0m 1s)

