#
# There is insufficient memory for the Java Runtime Environment to continue.
# Native memory allocation (malloc) failed to allocate 40976 bytes for Chunk::new
# Possible reasons:
#   The system is out of physical RAM or swap space
#   In 32 bit mode, the process size limit was hit
# Possible solutions:
#   Reduce memory load on the system
#   Increase physical memory or swap space
#   Check if swap backing store is full
#   Use 64 bit Java on a 64 bit OS
#   Decrease Java heap size (-Xmx/-Xms)
#   Decrease number of Java threads
#   Decrease Java thread stack sizes (-Xss)
#   Set larger code cache with -XX:ReservedCodeCacheSize=
# This output file may be truncated or incomplete.
#
#  Out of Memory Error (allocation.cpp:390), pid=5912, tid=0x0000000000001908
#
# JRE version: OpenJDK Runtime Environment (8.0_112-b06) (build 1.8.0_112-release-b06)
# Java VM: OpenJDK 64-Bit Server VM (25.112-b06 mixed mode windows-amd64 compressed oops)
# Failed to write core dump. Minidumps are not enabled by default on client versions of Windows
#

---------------  T H R E A D  ---------------

Current thread (0x0000000056eec000):  JavaThread "C2 CompilerThread1" daemon [_thread_in_native, id=6408, stack(0x0000000057360000,0x0000000057460000)]

Stack: [0x0000000057360000,0x0000000057460000]
[error occurred during error reporting (printing stack bounds), id 0xc0000005]

Native frames: (J=compiled Java code, j=interpreted, Vv=VM code, C=native code)


Current CompileTask:
C2:   1178  818   !   4       com.android.dx.cf.cst.ConstantPoolParser::parse0 (731 bytes)


---------------  P R O C E S S  ---------------

Java Threads: ( => current thread )
  0x00000000571b6800 JavaThread "pool-2-thread-4" [_thread_blocked, id=6792, stack(0x0000000058840000,0x0000000058940000)]
  0x00000000571e1000 JavaThread "pool-2-thread-3" [_thread_in_Java, id=7916, stack(0x0000000057850000,0x0000000057950000)]
  0x00000000571c0800 JavaThread "pool-2-thread-2" [_thread_in_Java, id=6220, stack(0x0000000058650000,0x0000000058750000)]
  0x00000000571bf800 JavaThread "pool-3-thread-1" [_thread_blocked, id=2852, stack(0x00000000584b0000,0x00000000585b0000)]
  0x00000000571bd000 JavaThread "pool-2-thread-1" [_thread_in_Java, id=7484, stack(0x0000000057a80000,0x0000000057b80000)]
  0x0000000056f59000 JavaThread "Service Thread" daemon [_thread_blocked, id=8168, stack(0x0000000056cc0000,0x0000000056dc0000)]
  0x0000000056f36000 JavaThread "C1 CompilerThread2" daemon [_thread_blocked, id=6740, stack(0x0000000057980000,0x0000000057a80000)]
=>0x0000000056eec000 JavaThread "C2 CompilerThread1" daemon [_thread_in_native, id=6408, stack(0x0000000057360000,0x0000000057460000)]
  0x0000000056edb000 JavaThread "C2 CompilerThread0" daemon [_thread_in_native, id=7876, stack(0x00000000576e0000,0x00000000577e0000)]
  0x0000000056eda800 JavaThread "Attach Listener" daemon [_thread_blocked, id=852, stack(0x0000000057590000,0x0000000057690000)]
  0x00000000552ed000 JavaThread "Signal Dispatcher" daemon [_thread_blocked, id=5944, stack(0x0000000057470000,0x0000000057570000)]
  0x00000000552d7000 JavaThread "Finalizer" daemon [_thread_blocked, id=7600, stack(0x0000000056dd0000,0x0000000056ed0000)]
  0x0000000055290000 JavaThread "Reference Handler" daemon [_thread_blocked, id=7540, stack(0x0000000056bc0000,0x0000000056cc0000)]
  0x0000000002568000 JavaThread "main" [_thread_in_vm_trans, id=6384, stack(0x0000000002890000,0x0000000002990000)]

Other Threads:
  0x0000000055288800 VMThread [stack: 0x0000000056ac0000,0x0000000056bc0000] [id=7548]
  0x0000000056f5e000 WatcherThread [stack: 0x0000000057b90000,0x0000000057c90000] [id=8068]

VM state:not at safepoint (normal execution)

VM Mutex/Monitor currently owned by a thread: None

Heap:
 PSYoungGen      total 38400K, used 15404K [0x00000000eab00000, 0x00000000ed580000, 0x0000000100000000)
  eden space 33280K, 30% used [0x00000000eab00000,0x00000000eb512a80,0x00000000ecb80000)
  from space 5120K, 99% used [0x00000000ecb80000,0x00000000ed078908,0x00000000ed080000)
  to   space 5120K, 0% used [0x00000000ed080000,0x00000000ed080000,0x00000000ed580000)
 ParOldGen       total 87552K, used 2820K [0x00000000c0000000, 0x00000000c5580000, 0x00000000eab00000)
  object space 87552K, 3% used [0x00000000c0000000,0x00000000c02c1320,0x00000000c5580000)
 Metaspace       used 5910K, capacity 6832K, committed 7040K, reserved 1056768K
  class space    used 578K, capacity 616K, committed 640K, reserved 1048576K

Card table byte_map: [0x0000000011d50000,0x0000000011f60000] byte_map_base: 0x0000000011750000

Marking Bits: (ParMarkBitMap*) 0x0000000055ac18f0
 Begin Bits: [0x0000000012700000, 0x0000000013700000)
 End Bits:   [0x0000000013700000, 0x0000000014700000)

Polling page: 0x0000000000130000

CodeCache: size=245760Kb used=3056Kb max_used=3056Kb free=242703Kb
 bounds [0x0000000002990000, 0x0000000002c90000, 0x0000000011990000]
 total_blobs=1129 nmethods=855 adapters=185
 compilation: disabled (not enough contiguous free space left)

Compilation events (10 events):
Event: 0.839 Thread 0x0000000056f36000  847       3       com.android.dx.cf.code.LocalVariableList$Item::matchesPcAndIndex (35 bytes)
Event: 0.839 Thread 0x0000000056f36000 nmethod 847 0x0000000002c81f50 code [0x0000000002c820a0, 0x0000000002c822d0]
Event: 0.840 Thread 0x0000000056f36000  848   !   3       com.android.dx.cf.code.BaseMachine::arg (36 bytes)
Event: 0.840 Thread 0x0000000056f36000 nmethod 848 0x0000000002c81890 code [0x0000000002c81a20, 0x0000000002c81d78]
Event: 0.840 Thread 0x0000000056f36000  849       3       com.android.dx.cf.code.BaseMachine::auxType (6 bytes)
Event: 0.840 Thread 0x0000000056f36000 nmethod 849 0x0000000002c81550 code [0x0000000002c816a0, 0x0000000002c81810]
Event: 0.840 Thread 0x0000000056f36000  850   !   3       com.android.dx.cf.code.Simulator::simulate (74 bytes)
Event: 0.840 Thread 0x0000000056f36000 nmethod 850 0x0000000002c826d0 code [0x0000000002c828a0, 0x0000000002c83138]
Event: 0.841 Thread 0x0000000056f36000  851       3       com.android.dx.rop.code.Rop::<init> (155 bytes)
Event: 0.841 Thread 0x0000000056f36000 nmethod 851 0x0000000002c83590 code [0x0000000002c83800, 0x0000000002c84668]

GC Heap History (2 events):
Event: 0.965 GC heap before
{Heap before GC invocations=1 (full 0):
 PSYoungGen      total 38400K, used 33280K [0x00000000eab00000, 0x00000000ed580000, 0x0000000100000000)
  eden space 33280K, 100% used [0x00000000eab00000,0x00000000ecb80000,0x00000000ecb80000)
  from space 5120K, 0% used [0x00000000ed080000,0x00000000ed080000,0x00000000ed580000)
  to   space 5120K, 0% used [0x00000000ecb80000,0x00000000ecb80000,0x00000000ed080000)
 ParOldGen       total 87552K, used 0K [0x00000000c0000000, 0x00000000c5580000, 0x00000000eab00000)
  object space 87552K, 0% used [0x00000000c0000000,0x00000000c0000000,0x00000000c5580000)
 Metaspace       used 5874K, capacity 6832K, committed 7040K, reserved 1056768K
  class space    used 578K, capacity 616K, committed 640K, reserved 1048576K
Event: 1.117 GC heap after
Heap after GC invocations=1 (full 0):
 PSYoungGen      total 38400K, used 5090K [0x00000000eab00000, 0x00000000ed580000, 0x0000000100000000)
  eden space 33280K, 0% used [0x00000000eab00000,0x00000000eab00000,0x00000000ecb80000)
  from space 5120K, 99% used [0x00000000ecb80000,0x00000000ed078908,0x00000000ed080000)
  to   space 5120K, 0% used [0x00000000ed080000,0x00000000ed080000,0x00000000ed580000)
 ParOldGen       total 87552K, used 2820K [0x00000000c0000000, 0x00000000c5580000, 0x00000000eab00000)
  object space 87552K, 3% used [0x00000000c0000000,0x00000000c02c1320,0x00000000c5580000)
 Metaspace       used 5874K, capacity 6832K, committed 7040K, reserved 1056768K
  class space    used 578K, capacity 616K, committed 640K, reserved 1048576K
}

Deoptimization events (10 events):
Event: 0.251 Thread 0x0000000002568000 Uncommon trap: reason=unstable_if action=reinterpret pc=0x0000000002af4c4c method=java.lang.String.indexOf(II)I @ 49
Event: 0.572 Thread 0x0000000002568000 Uncommon trap: reason=unstable_if action=reinterpret pc=0x0000000002bd17a0 method=java.util.BitSet.nextSetBit(I)I @ 87
Event: 0.680 Thread 0x00000000571c0800 Uncommon trap: reason=unstable_if action=reinterpret pc=0x0000000002c2c7c8 method=java.util.HashMap.getNode(ILjava/lang/Object;)Ljava/util/HashMap$Node; @ 129
Event: 0.680 Thread 0x00000000571c0800 Uncommon trap: reason=unstable_if action=reinterpret pc=0x0000000002c26770 method=java.util.HashMap.getNode(ILjava/lang/Object;)Ljava/util/HashMap$Node; @ 129
Event: 0.684 Thread 0x00000000571c0800 Uncommon trap: reason=unstable_if action=reinterpret pc=0x0000000002bd0794 method=java.util.HashMap.getNode(ILjava/lang/Object;)Ljava/util/HashMap$Node; @ 129
Event: 0.703 Thread 0x00000000571bd000 Uncommon trap: reason=unstable_if action=reinterpret pc=0x0000000002c2a9dc method=com.android.dx.rop.code.RegisterSpecSet.put(Lcom/android/dx/rop/code/RegisterSpec;)V @ 77
Event: 0.703 Thread 0x00000000571bd000 Uncommon trap: reason=unstable_if action=reinterpret pc=0x0000000002c47550 method=com.android.dx.rop.code.RegisterSpecSet.put(Lcom/android/dx/rop/code/RegisterSpec;)V @ 77
Event: 0.744 Thread 0x00000000571c0800 Uncommon trap: reason=unstable_if action=reinterpret pc=0x0000000002c1aac4 method=com.android.dx.rop.cst.Constant.compareTo(Lcom/android/dx/rop/cst/Constant;)I @ 12
Event: 0.803 Thread 0x00000000571e1000 Uncommon trap: reason=unstable_if action=reinterpret pc=0x0000000002c33074 method=com.android.dx.cf.code.Ropper.labelToResultIndex(I)I @ 34
Event: 1.140 Thread 0x00000000571e1000 Uncommon trap: reason=unstable_if action=reinterpret pc=0x0000000002c202ac method=com.android.dx.rop.code.RegisterSpec.equals(ILcom/android/dx/rop/type/TypeBearer;Lcom/android/dx/rop/code/LocalItem;)Z @ 42

Internal exceptions (2 events):
Event: 0.027 Thread 0x0000000002568000 Exception <a 'java/lang/NoSuchMethodError': Method sun.misc.Unsafe.defineClass(Ljava/lang/String;[BII)Ljava/lang/Class; name or signature does not match> (0x00000000eab07c78) thrown at [C:\src\android\AOSP-openjdk\external\jetbrains\jdk\hotspot\src\share\viœÕ∂
Event: 0.027 Thread 0x0000000002568000 Exception <a 'java/lang/NoSuchMethodError': Method sun.misc.Unsafe.prefetchRead(Ljava/lang/Object;J)V name or signature does not match> (0x00000000eab07f60) thrown at [C:\src\android\AOSP-openjdk\external\jetbrains\jdk\hotspot\src\share\vm\prims\jni.cpp, l

Events (10 events):
Event: 0.744 Thread 0x00000000571c0800 DEOPT PACKING pc=0x0000000002c1aac4 sp=0x000000005874e700
Event: 0.744 Thread 0x00000000571c0800 DEOPT UNPACKING pc=0x00000000029d556a sp=0x000000005874e6a0 mode 2
Event: 0.803 Thread 0x00000000571e1000 Uncommon trap: trap_request=0xffffff65 fr.pc=0x0000000002c33074
Event: 0.803 Thread 0x00000000571e1000 DEOPT PACKING pc=0x0000000002c33074 sp=0x000000005794e900
Event: 0.803 Thread 0x00000000571e1000 DEOPT UNPACKING pc=0x00000000029d556a sp=0x000000005794e8a8 mode 2
Event: 0.861 Executing VM operation: ParallelGCFailedAllocation
Event: 1.117 Executing VM operation: ParallelGCFailedAllocation done
Event: 1.140 Thread 0x00000000571e1000 Uncommon trap: trap_request=0xffffff65 fr.pc=0x0000000002c202ac
Event: 1.140 Thread 0x00000000571e1000 DEOPT PACKING pc=0x0000000002c202ac sp=0x000000005794e7c0
Event: 1.140 Thread 0x00000000571e1000 DEOPT UNPACKING pc=0x00000000029d556a sp=0x000000005794e748 mode 2


Dynamic libraries:
0x000000013f610000 - 0x000000013f641000 	D:\Android\Android Studio\jre\bin\java.exe
0x00000000778a0000 - 0x0000000077a4a000 	C:\Windows\SYSTEM32\ntdll.dll
0x0000000077780000 - 0x000000007789f000 	C:\Windows\system32\kernel32.dll
0x000007fefd8c0000 - 0x000007fefd92a000 	C:\Windows\system32\KERNELBASE.dll
0x000007fefdf30000 - 0x000007fefe00b000 	C:\Windows\system32\ADVAPI32.dll
0x000007feff0d0000 - 0x000007feff16f000 	C:\Windows\system32\msvcrt.dll
0x000007feff2a0000 - 0x000007feff2bf000 	C:\Windows\SYSTEM32\sechost.dll
0x000007fefde00000 - 0x000007fefdf2d000 	C:\Windows\system32\RPCRT4.dll
0x0000000077680000 - 0x000000007777a000 	C:\Windows\system32\USER32.dll
0x000007feff860000 - 0x000007feff8c7000 	C:\Windows\system32\GDI32.dll
0x000007fefee20000 - 0x000007fefee2e000 	C:\Windows\system32\LPK.dll
0x000007fefefe0000 - 0x000007feff0ab000 	C:\Windows\system32\USP10.dll
0x000007fefbe90000 - 0x000007fefc084000 	C:\Windows\WinSxS\amd64_microsoft.windows.common-controls_6595b64144ccf1df_6.0.7601.18837_none_fa3b1e3d17594757\COMCTL32.dll
0x000007feff2c0000 - 0x000007feff331000 	C:\Windows\system32\SHLWAPI.dll
0x000007fefe010000 - 0x000007fefe03e000 	C:\Windows\system32\IMM32.DLL
0x000007fefeed0000 - 0x000007fefefd9000 	C:\Windows\system32\MSCTF.dll
0x00000000690f0000 - 0x00000000691c2000 	D:\Android\Android Studio\jre\jre\bin\msvcr100.dll
0x0000000055300000 - 0x0000000055b3c000 	D:\Android\Android Studio\jre\jre\bin\server\jvm.dll
0x000007fef9510000 - 0x000007fef9519000 	C:\Windows\system32\WSOCK32.dll
0x000007fefe040000 - 0x000007fefe08d000 	C:\Windows\system32\WS2_32.dll
0x000007fefdbc0000 - 0x000007fefdbc8000 	C:\Windows\system32\NSI.dll
0x000007fef9770000 - 0x000007fef97ab000 	C:\Windows\system32\WINMM.dll
0x000007fefc8e0000 - 0x000007fefc8ec000 	C:\Windows\system32\VERSION.dll
0x0000000077a60000 - 0x0000000077a67000 	C:\Windows\system32\PSAPI.DLL
0x000007fee9cb0000 - 0x000007fee9cbf000 	D:\Android\Android Studio\jre\jre\bin\verify.dll
0x000007fee9960000 - 0x000007fee9989000 	D:\Android\Android Studio\jre\jre\bin\java.dll
0x000007fee99a0000 - 0x000007fee99b6000 	D:\Android\Android Studio\jre\jre\bin\zip.dll
0x000007fefe090000 - 0x000007fefee1a000 	C:\Windows\system32\SHELL32.dll
0x000007feff9b0000 - 0x000007feffbac000 	C:\Windows\system32\ole32.dll
0x000007fefd7b0000 - 0x000007fefd7bf000 	C:\Windows\system32\profapi.dll

VM Arguments:
jvm_args: -Djava.awt.headless=true -Xmx1024M -Dfile.encoding=GBK -Duser.country=CN -Duser.language=zh -Duser.variant 
java_command: com.android.dx.command.Main --dex --force-jumbo --num-threads=4 --multi-dex --output C:\Users\Administrator\Desktop\Note\app\build\intermediates\transforms\dex\debug\folders\1000\10\evernote-api-1.25.1_8ce3a456759d7b4a7b66f7b8a7f0e0cd04a3b106 C:\Users\Administrator\.gradle\caches\modules-2\files-2.1\com.evernote\evernote-api\1.25.1\760d97a6ea6d782317dfa71b2a408cdb20b423a7\evernote-api-1.25.1.jar
java_class_path (initial): D:\Android\sdk\build-tools\26.0.1\lib\dx.jar
Launcher Type: SUN_STANDARD

Environment Variables:
PATH=C:\Python27\;C:\Python27\Scripts;C:\Windows\system32;C:\Windows;C:\Windows\System32\Wbem;C:\Windows\System32\WindowsPowerShell\v1.0\;E:\jinhui_workspace\Java\jdk1.8.0_121\bin;C:\Program Files\Microsoft SQL Server\130\Tools\Binn\;C:\Python27;C:\Program Files\Git\cmd;C:\ProgramData\chocolatey\bin;E:\jinhui_workspace\Node.js\;D:\Android\sdk\tools;D:\Android\sdk\platform-tools;C:\Program Files\TortoiseGit\bin;C:\Windows\System32;%ANDROID_NDK%;%ANDROID_HOME%;E:\jinhui_workspace\cocos2d-x-3.15\templates;E:\jinhui_workspace\cocos2d-x-3.15\tools\cocos2d-console\bin;\cocos2d-x-3.14.1\templates;E:\jinhui_workspace\VSCode\Microsoft VS Code\bin;D:\Android\sdk\tools;D:\Android\sdk\platform-tools;D:\Android\Android Studio\gradle\gradle-3.2\BIN;%JAVA_HOME%;D:\Android\sdk;C:\Users\Administrator\AppData\Local\atom\bin;C:\Users\Administrator\AppData\Roaming\npm;D:\Android\sdk\android-ndk-r10e;D:\Android\sdk;
USERNAME=Administrator
OS=Windows_NT
PROCESSOR_IDENTIFIER=Intel64 Family 6 Model 94 Stepping 3, GenuineIntel



---------------  S Y S T E M  ---------------

OS: Windows 7 , 64 bit Build 7601 (6.1.7601.23915)

CPU:total 4 (4 cores per cpu, 1 threads per core) family 6 model 94 stepping 3, cmov, cx8, fxsr, mmx, sse, sse2, sse3, ssse3, sse4.1, sse4.2, popcnt, avx, avx2, aes, clmul, erms, 3dnowpref, lzcnt, tsc, tscinvbit, bmi1, bmi2, adx

Memory: 4k page, physical 8272300k(620848k free), swap 10367592k(5068k free)

vm_info: OpenJDK 64-Bit Server VM (25.112-b06) for windows-amd64 JRE (1.8.0_112-release-b06), built on Dec  8 2016 00:54:26 by "builder" with MS VC++ 10.0 (VS2010)

time: Thu Oct 19 15:27:27 2017
elapsed time: 1 seconds (0d 0h 0m 1s)

