#
# There is insufficient memory for the Java Runtime Environment to continue.
# Native memory allocation (malloc) failed to allocate 467216 bytes for Chunk::new
# Possible reasons:
#   The system is out of physical RAM or swap space
#   In 32 bit mode, the process size limit was hit
# Possible solutions:
#   Reduce memory load on the system
#   Increase physical memory or swap space
#   Check if swap backing store is full
#   Use 64 bit Java on a 64 bit OS
#   Decrease Java heap size (-Xmx/-Xms)
#   Decrease number of Java threads
#   Decrease Java thread stack sizes (-Xss)
#   Set larger code cache with -XX:ReservedCodeCacheSize=
# This output file may be truncated or incomplete.
#
#  Out of Memory Error (allocation.cpp:390), pid=7556, tid=0x0000000000001404
#
# JRE version: OpenJDK Runtime Environment (8.0_112-b06) (build 1.8.0_112-release-b06)
# Java VM: OpenJDK 64-Bit Server VM (25.112-b06 mixed mode windows-amd64 compressed oops)
# Failed to write core dump. Minidumps are not enabled by default on client versions of Windows
#

---------------  T H R E A D  ---------------

Current thread (0x0000000056ce0000):  JavaThread "C2 CompilerThread1" daemon [_thread_in_native, id=5124, stack(0x0000000057390000,0x0000000057490000)]

Stack: [0x0000000057390000,0x0000000057490000]
[error occurred during error reporting (printing stack bounds), id 0xc0000005]

Native frames: (J=compiled Java code, j=interpreted, Vv=VM code, C=native code)


Current CompileTask:
C2:   1224  953   !   4       com.android.dx.cf.cst.ConstantPoolParser::parse0 (731 bytes)


---------------  P R O C E S S  ---------------

Java Threads: ( => current thread )
  0x0000000058223000 JavaThread "pool-2-thread-4" [_thread_blocked, id=8828, stack(0x00000000589b0000,0x0000000058ab0000)]
  0x0000000056fc5800 JavaThread "pool-2-thread-3" [_thread_in_Java, id=7176, stack(0x0000000058090000,0x0000000058190000)]
  0x0000000056ec8000 JavaThread "pool-2-thread-2" [_thread_blocked, id=5036, stack(0x0000000057f40000,0x0000000058040000)]
  0x0000000056e99000 JavaThread "pool-3-thread-1" [_thread_blocked, id=8484, stack(0x0000000057d30000,0x0000000057e30000)]
  0x0000000056e95000 JavaThread "pool-2-thread-1" [_thread_blocked, id=8980, stack(0x0000000057bf0000,0x0000000057cf0000)]
  0x0000000056d4c000 JavaThread "Service Thread" daemon [_thread_blocked, id=4732, stack(0x0000000057800000,0x0000000057900000)]
  0x0000000056d30800 JavaThread "C1 CompilerThread2" daemon [_thread_blocked, id=7624, stack(0x00000000576c0000,0x00000000577c0000)]
=>0x0000000056ce0000 JavaThread "C2 CompilerThread1" daemon [_thread_in_native, id=5124, stack(0x0000000057390000,0x0000000057490000)]
  0x000000005503c000 JavaThread "C2 CompilerThread0" daemon [_thread_blocked, id=8632, stack(0x00000000574f0000,0x00000000575f0000)]
  0x0000000056cca800 JavaThread "Attach Listener" daemon [_thread_blocked, id=8456, stack(0x0000000057290000,0x0000000057390000)]
  0x000000005502f000 JavaThread "Signal Dispatcher" daemon [_thread_blocked, id=8900, stack(0x0000000057130000,0x0000000057230000)]
  0x0000000055019000 JavaThread "Finalizer" daemon [_thread_blocked, id=1000, stack(0x0000000056bc0000,0x0000000056cc0000)]
  0x0000000054fd0000 JavaThread "Reference Handler" daemon [_thread_blocked, id=8884, stack(0x0000000056ac0000,0x0000000056bc0000)]
  0x0000000002438000 JavaThread "main" [_thread_in_native, id=8424, stack(0x00000000025e0000,0x00000000026e0000)]

Other Threads:
  0x0000000054fc8800 VMThread [stack: 0x00000000569c0000,0x0000000056ac0000] [id=9060]
  0x0000000056d51000 WatcherThread [stack: 0x0000000057a70000,0x0000000057b70000] [id=9028]

VM state:not at safepoint (normal execution)

VM Mutex/Monitor currently owned by a thread: None

Heap:
 PSYoungGen      total 38400K, used 20683K [0x00000000eab00000, 0x00000000ed580000, 0x0000000100000000)
  eden space 33280K, 62% used [0x00000000eab00000,0x00000000ebf32d28,0x00000000ecb80000)
  from space 5120K, 0% used [0x00000000ed080000,0x00000000ed080000,0x00000000ed580000)
  to   space 5120K, 0% used [0x00000000ecb80000,0x00000000ecb80000,0x00000000ed080000)
 ParOldGen       total 87552K, used 0K [0x00000000c0000000, 0x00000000c5580000, 0x00000000eab00000)
  object space 87552K, 0% used [0x00000000c0000000,0x00000000c0000000,0x00000000c5580000)
 Metaspace       used 5684K, capacity 6832K, committed 7040K, reserved 1056768K
  class space    used 558K, capacity 616K, committed 640K, reserved 1048576K

Card table byte_map: [0x0000000011aa0000,0x0000000011cb0000] byte_map_base: 0x00000000114a0000

Marking Bits: (ParMarkBitMap*) 0x0000000055ac18f0
 Begin Bits: [0x0000000012440000, 0x0000000013440000)
 End Bits:   [0x0000000013440000, 0x0000000014440000)

Polling page: 0x0000000000230000

CodeCache: size=245760Kb used=3925Kb max_used=3936Kb free=241834Kb
 bounds [0x00000000026e0000, 0x0000000002ac0000, 0x00000000116e0000]
 total_blobs=1217 nmethods=954 adapters=177
 compilation: enabled

Compilation events (10 events):
Event: 1.113 Thread 0x0000000056d30800 nmethod 936 0x0000000002ab0910 code [0x0000000002ab0ac0, 0x0000000002ab10e8]
Event: 1.113 Thread 0x0000000056d30800  939       3       com.android.dx.cf.code.Simulator$SimVisitor::visitLocal (329 bytes)
Event: 1.115 Thread 0x0000000056d30800 nmethod 939 0x0000000002ab3910 code [0x0000000002ab3d40, 0x0000000002ab6908]
Event: 1.115 Thread 0x0000000056d30800  941       3       com.android.dx.ssa.SsaMethod::onInsnRemoved (43 bytes)
Event: 1.115 Thread 0x0000000056d30800 nmethod 941 0x0000000002aaf5d0 code [0x0000000002aaf760, 0x0000000002aafcf8]
Event: 1.190 Thread 0x0000000056ce0000  953   !   4       com.android.dx.cf.cst.ConstantPoolParser::parse0 (731 bytes)
Event: 1.190 Thread 0x000000005503c000  954       4       com.android.dx.rop.cst.StdConstantPool::set (123 bytes)
Event: 1.192 Thread 0x000000005503c000 nmethod 954 0x0000000002abb410 code [0x0000000002abb580, 0x0000000002abb838]
Event: 1.199 Thread 0x0000000056d30800  955       1       com.android.dx.cf.direct.AttributeListParser::setObserver (6 bytes)
Event: 1.199 Thread 0x0000000056d30800 nmethod 955 0x0000000002ab0610 code [0x0000000002ab0760, 0x0000000002ab0890]

GC Heap History (0 events):
No events

Deoptimization events (1 events):
Event: 0.630 Thread 0x0000000056fc5800 Uncommon trap: reason=unstable_if action=reinterpret pc=0x000000000296a250 method=com.android.dx.rop.cst.CstFieldRef.compareTo0(Lcom/android/dx/rop/cst/Constant;)I @ 7

Internal exceptions (2 events):
Event: 0.047 Thread 0x0000000002438000 Exception <a 'java/lang/NoSuchMethodError': Method sun.misc.Unsafe.defineClass(Ljava/lang/String;[BII)Ljava/lang/Class; name or signature does not match> (0x00000000eab07c78) thrown at [C:\src\android\AOSP-openjdk\external\jetbrains\jdk\hotspot\src\share\v}Aiê§?
Event: 0.047 Thread 0x0000000002438000 Exception <a 'java/lang/NoSuchMethodError': Method sun.misc.Unsafe.prefetchRead(Ljava/lang/Object;J)V name or signature does not match> (0x00000000eab07f60) thrown at [C:\src\android\AOSP-openjdk\external\jetbrains\jdk\hotspot\src\share\vm\prims\jni.cpp, l

Events (10 events):
Event: 0.428 loading class java/util/DualPivotQuicksort
Event: 0.428 loading class java/util/DualPivotQuicksort done
Event: 0.465 Thread 0x0000000058223000 Thread added: 0x0000000058223000
Event: 0.543 loading class java/util/ArrayList$1
Event: 0.543 loading class java/util/ArrayList$1 done
Event: 0.630 Thread 0x0000000056fc5800 Uncommon trap: trap_request=0xffffff65 fr.pc=0x000000000296a250
Event: 0.630 Thread 0x0000000056fc5800 DEOPT PACKING pc=0x000000000296a250 sp=0x000000005818eae0
Event: 0.630 Thread 0x0000000056fc5800 DEOPT UNPACKING pc=0x000000000272556a sp=0x000000005818ea58 mode 2
Event: 0.719 Executing VM operation: ForceSafepoint
Event: 0.719 Executing VM operation: ForceSafepoint done


Dynamic libraries:
0x000000013f610000 - 0x000000013f641000 	D:\Android\Android Studio\jre\bin\java.exe
0x00000000778a0000 - 0x0000000077a4a000 	C:\Windows\SYSTEM32\ntdll.dll
0x0000000077780000 - 0x000000007789f000 	C:\Windows\system32\kernel32.dll
0x000007fefd8c0000 - 0x000007fefd92a000 	C:\Windows\system32\KERNELBASE.dll
0x000007fefdf30000 - 0x000007fefe00b000 	C:\Windows\system32\ADVAPI32.dll
0x000007feff0d0000 - 0x000007feff16f000 	C:\Windows\system32\msvcrt.dll
0x000007feff2a0000 - 0x000007feff2bf000 	C:\Windows\SYSTEM32\sechost.dll
0x000007fefde00000 - 0x000007fefdf2d000 	C:\Windows\system32\RPCRT4.dll
0x0000000077680000 - 0x000000007777a000 	C:\Windows\system32\USER32.dll
0x000007feff860000 - 0x000007feff8c7000 	C:\Windows\system32\GDI32.dll
0x000007fefee20000 - 0x000007fefee2e000 	C:\Windows\system32\LPK.dll
0x000007fefefe0000 - 0x000007feff0ab000 	C:\Windows\system32\USP10.dll
0x000007fefbe90000 - 0x000007fefc084000 	C:\Windows\WinSxS\amd64_microsoft.windows.common-controls_6595b64144ccf1df_6.0.7601.18837_none_fa3b1e3d17594757\COMCTL32.dll
0x000007feff2c0000 - 0x000007feff331000 	C:\Windows\system32\SHLWAPI.dll
0x000007fefe010000 - 0x000007fefe03e000 	C:\Windows\system32\IMM32.DLL
0x000007fefeed0000 - 0x000007fefefd9000 	C:\Windows\system32\MSCTF.dll
0x00000000690f0000 - 0x00000000691c2000 	D:\Android\Android Studio\jre\jre\bin\msvcr100.dll
0x0000000055300000 - 0x0000000055b3c000 	D:\Android\Android Studio\jre\jre\bin\server\jvm.dll
0x000007fef9510000 - 0x000007fef9519000 	C:\Windows\system32\WSOCK32.dll
0x000007fefe040000 - 0x000007fefe08d000 	C:\Windows\system32\WS2_32.dll
0x000007fefdbc0000 - 0x000007fefdbc8000 	C:\Windows\system32\NSI.dll
0x000007fef9770000 - 0x000007fef97ab000 	C:\Windows\system32\WINMM.dll
0x000007fefc8e0000 - 0x000007fefc8ec000 	C:\Windows\system32\VERSION.dll
0x0000000077a60000 - 0x0000000077a67000 	C:\Windows\system32\PSAPI.DLL
0x000007fee9cb0000 - 0x000007fee9cbf000 	D:\Android\Android Studio\jre\jre\bin\verify.dll
0x000007fee9960000 - 0x000007fee9989000 	D:\Android\Android Studio\jre\jre\bin\java.dll
0x000007fee99a0000 - 0x000007fee99b6000 	D:\Android\Android Studio\jre\jre\bin\zip.dll
0x000007fefe090000 - 0x000007fefee1a000 	C:\Windows\system32\SHELL32.dll
0x000007feff9b0000 - 0x000007feffbac000 	C:\Windows\system32\ole32.dll
0x000007fefd7b0000 - 0x000007fefd7bf000 	C:\Windows\system32\profapi.dll

VM Arguments:
jvm_args: -Djava.awt.headless=true -Xmx1024M -Dfile.encoding=GBK -Duser.country=CN -Duser.language=zh -Duser.variant 
java_command: com.android.dx.command.Main --dex --force-jumbo --num-threads=4 --multi-dex --output C:\Users\Administrator\Desktop\Note\app\build\intermediates\transforms\dex\debug\folders\1000\5\slice_0 C:\Users\Administrator\Desktop\Note\app\build\intermediates\transforms\instantRunSlicer\debug\folders\1\5\slice_0
java_class_path (initial): D:\Android\sdk\build-tools\26.0.1\lib\dx.jar
Launcher Type: SUN_STANDARD

Environment Variables:
PATH=C:\Python27\;C:\Python27\Scripts;C:\Windows\system32;C:\Windows;C:\Windows\System32\Wbem;C:\Windows\System32\WindowsPowerShell\v1.0\;E:\jinhui_workspace\Java\jdk1.8.0_121\bin;C:\Program Files\Microsoft SQL Server\130\Tools\Binn\;C:\Python27;C:\Program Files\Git\cmd;C:\ProgramData\chocolatey\bin;E:\jinhui_workspace\Node.js\;D:\Android\sdk\tools;D:\Android\sdk\platform-tools;C:\Program Files\TortoiseGit\bin;C:\Windows\System32;%ANDROID_NDK%;%ANDROID_HOME%;E:\jinhui_workspace\cocos2d-x-3.15\templates;E:\jinhui_workspace\cocos2d-x-3.15\tools\cocos2d-console\bin;\cocos2d-x-3.14.1\templates;E:\jinhui_workspace\VSCode\Microsoft VS Code\bin;D:\Android\sdk\tools;D:\Android\sdk\platform-tools;D:\Android\Android Studio\gradle\gradle-3.2\BIN;%JAVA_HOME%;D:\Android\sdk;C:\Users\Administrator\AppData\Local\atom\bin;C:\Users\Administrator\AppData\Roaming\npm;D:\Android\sdk\android-ndk-r10e;D:\Android\sdk;
USERNAME=Administrator
OS=Windows_NT
PROCESSOR_IDENTIFIER=Intel64 Family 6 Model 94 Stepping 3, GenuineIntel



---------------  S Y S T E M  ---------------

OS: Windows 7 , 64 bit Build 7601 (6.1.7601.23915)

CPU:total 4 (4 cores per cpu, 1 threads per core) family 6 model 94 stepping 3, cmov, cx8, fxsr, mmx, sse, sse2, sse3, ssse3, sse4.1, sse4.2, popcnt, avx, avx2, aes, clmul, erms, 3dnowpref, lzcnt, tsc, tscinvbit, bmi1, bmi2, adx

Memory: 4k page, physical 8272300k(375140k free), swap 10367592k(5068k free)

vm_info: OpenJDK 64-Bit Server VM (25.112-b06) for windows-amd64 JRE (1.8.0_112-release-b06), built on Dec  8 2016 00:54:26 by "builder" with MS VC++ 10.0 (VS2010)

time: Thu Oct 19 17:53:47 2017
elapsed time: 1 seconds (0d 0h 0m 1s)

